{
  "RSpec": {
    "coverage": {
      "/Users/DOE/Projects/Makers_Course/week10/DB_server/app.rb": [
        1,
        null,
        1,
        1,
        1,
        null,
        1,
        1,
        null,
        null,
        1,
        null,
        null,
        null,
        1,
        null,
        null,
        null,
        null,
        2,
        null,
        null,
        1,
        null
      ],
      "/Users/DOE/Projects/Makers_Course/week10/DB_server/spec/features/server_spec.rb": [
        null,
        1,
        1,
        1,
        1,
        1,
        null,
        null,
        1,
        1,
        1,
        null,
        null,
        1,
        1,
        1,
        1,
        null,
        null,
        1,
        null,
        null,
        null
      ],
      "/Users/DOE/Projects/Makers_Course/week10/DB_server/spec/store_spec.rb": [
        1,
        null,
        1,
        5,
        5,
        5,
        null,
        null,
        1,
        1,
        1,
        null,
        null,
        1,
        4,
        null,
        null,
        1,
        1,
        null,
        null,
        1,
        1,
        null,
        null,
        1,
        1,
        null,
        null
      ],
      "/Users/DOE/Projects/Makers_Course/week10/DB_server/lib/datastore.rb": [
        1,
        null,
        1,
        null,
        1,
        5,
        null,
        null,
        1,
        4,
        null,
        null,
        1,
        2,
        null,
        null,
        1,
        2,
        null,
        null
      ]
    },
    "timestamp": 1488838889
  }
}
